--------------------------------------------------------------------------------
Release 14.7 Trace  (nt64)
Copyright (c) 1995-2013 Xilinx, Inc.  All rights reserved.

C:\Xilinx\14.7\ISE_DS\ISE\bin\nt64\unwrapped\trce.exe -intstyle ise -v 3 -s 3
-n 3 -fastpaths -xml ALU_4BITS.twx ALU_4BITS.ncd -o ALU_4BITS.twr ALU_4BITS.pcf

Design file:              ALU_4BITS.ncd
Physical constraint file: ALU_4BITS.pcf
Device,package,speed:     xc7a100t,csg324,C,-3 (PRODUCTION 1.10 2013-10-13)
Report level:             verbose report

Environment Variable      Effect 
--------------------      ------ 
NONE                      No environment variables were set
--------------------------------------------------------------------------------

INFO:Timing:2698 - No timing constraints found, doing default enumeration.
INFO:Timing:3412 - To improve timing, see the Timing Closure User Guide (UG612).
INFO:Timing:2752 - To get complete path coverage, use the unconstrained paths 
   option. All paths that are not constrained will be reported in the 
   unconstrained paths section(s) of the report.
INFO:Timing:3339 - The clock-to-out numbers in this timing report are based on 
   a 50 Ohm transmission line loading model.  For the details of this model, 
   and for more information on accounting for different loading conditions, 
   please see the device datasheet.



Data Sheet report:
-----------------
All values displayed in nanoseconds (ns)

Pad to Pad
---------------+---------------+---------+
Source Pad     |Destination Pad|  Delay  |
---------------+---------------+---------+
A<0>           |Cout           |    6.529|
A<0>           |Yout<0>        |    5.494|
A<0>           |Yout<1>        |    5.778|
A<0>           |Yout<2>        |    6.379|
A<0>           |Yout<3>        |    6.602|
A<1>           |Cout           |    6.163|
A<1>           |Yout<1>        |    6.182|
A<1>           |Yout<2>        |    6.400|
A<1>           |Yout<3>        |    6.236|
A<2>           |Cout           |    5.933|
A<2>           |Yout<2>        |    6.112|
A<2>           |Yout<3>        |    6.006|
A<3>           |Cout           |    5.601|
A<3>           |Yout<3>        |    5.100|
B<0>           |Cout           |    6.670|
B<0>           |Yout<0>        |    5.261|
B<0>           |Yout<1>        |    5.822|
B<0>           |Yout<2>        |    6.528|
B<0>           |Yout<3>        |    6.743|
B<1>           |Cout           |    6.300|
B<1>           |Yout<1>        |    6.307|
B<1>           |Yout<2>        |    6.537|
B<1>           |Yout<3>        |    6.373|
B<2>           |Cout           |    6.224|
B<2>           |Yout<2>        |    6.403|
B<2>           |Yout<3>        |    6.297|
B<3>           |Cout           |    5.428|
B<3>           |Yout<3>        |    5.155|
opcode<0>      |Cout           |    6.700|
opcode<0>      |Yout<0>        |    5.498|
opcode<0>      |Yout<1>        |    6.561|
opcode<0>      |Yout<2>        |    6.795|
opcode<0>      |Yout<3>        |    6.773|
opcode<1>      |Cout           |    6.829|
opcode<1>      |Yout<0>        |    5.482|
opcode<1>      |Yout<1>        |    6.207|
opcode<1>      |Yout<2>        |    6.683|
opcode<1>      |Yout<3>        |    6.902|
opcode<2>      |Cout           |    5.640|
opcode<2>      |Yout<0>        |    5.256|
opcode<2>      |Yout<1>        |    5.283|
opcode<2>      |Yout<2>        |    5.558|
opcode<2>      |Yout<3>        |    5.352|
---------------+---------------+---------+


Analysis completed Sun Jun 19 11:40:19 2022 
--------------------------------------------------------------------------------

Trace Settings:
-------------------------
Trace Settings 

Peak Memory Usage: 5013 MB



